<?xml version="1.0" encoding="UTF-8"?>
<!-- Generated by org.testng.reporters.JUnitReportReporter -->
<testsuite hostname="DESKTOP-7C4J88S" failures="0" tests="1" name="zoom_In_Zoom_Out.ZoomInByJavascriptExecutor" time="17.090" errors="0" timestamp="2025-06-07T14:03:26 IST" skipped="0">
  <testcase classname="zoom_In_Zoom_Out.ZoomInByJavascriptExecutor" name="zoomInByJavascriptExecutor" time="17.090"/>
  <system-out/>
</testsuite> <!-- zoom_In_Zoom_Out.ZoomInByJavascriptExecutor -->
