<?xml version="1.0" encoding="UTF-8"?>
<!-- Generated by org.testng.reporters.JUnitReportReporter -->
<testsuite hostname="DESKTOP-7C4J88S" failures="0" tests="5" name="excel_File.ReadExcelData1" time="0.100" errors="0" timestamp="2025-06-06T13:24:08 IST" skipped="0">
  <testcase classname="excel_File.ReadExcelData1" name="loginTest" time="0.011"/>
  <system-out/>
  <testcase classname="excel_File.ReadExcelData1" name="loginTest" time="0.023"/>
  <system-out/>
  <testcase classname="excel_File.ReadExcelData1" name="loginTest" time="0.012"/>
  <system-out/>
  <testcase classname="excel_File.ReadExcelData1" name="loginTest" time="0.009"/>
  <system-out/>
  <testcase classname="excel_File.ReadExcelData1" name="loginTest" time="0.045"/>
  <system-out/>
</testsuite> <!-- excel_File.ReadExcelData1 -->
