<?xml version="1.0" encoding="UTF-8"?>
<!-- Generated by org.testng.reporters.JUnitReportReporter -->
<testsuite hostname="DESKTOP-7C4J88S" failures="0" tests="1" name="ssl_Certificate.Handle_SSL_Certificate_In_Firefox" time="24.043" errors="0" timestamp="2025-06-08T22:14:03 IST" skipped="0">
  <testcase classname="ssl_Certificate.Handle_SSL_Certificate_In_Firefox" name="handle_SSL_Certificate_In_Firefox" time="24.043"/>
  <system-out/>
</testsuite> <!-- ssl_Certificate.Handle_SSL_Certificate_In_Firefox -->
