<?xml version="1.0" encoding="UTF-8"?>
<!-- Generated by org.testng.reporters.JUnitReportReporter -->
<testsuite hostname="DESKTOP-7C4J88S" failures="0" tests="1" name="image.BrockenImages" time="25.424" errors="0" timestamp="2025-06-07T14:26:20 IST" skipped="0">
  <testcase classname="image.BrockenImages" name="BrokenImages" time="25.424"/>
  <system-out/>
</testsuite> <!-- image.BrockenImages -->
