<?xml version="1.0" encoding="UTF-8"?>
<!-- Generated by org.testng.reporters.JUnitReportReporter -->
<testsuite hostname="DESKTOP-7C4J88S" failures="0" tests="1" name="fileDownloadUpLoad.fileDownloadInChromeDriver" time="25.817" errors="0" timestamp="2025-06-06T16:10:00 IST" skipped="0">
  <testcase classname="fileDownloadUpLoad.fileDownloadInChromeDriver" name="fileDownload" time="25.817"/>
  <system-out/>
</testsuite> <!-- fileDownloadUpLoad.fileDownloadInChromeDriver -->
