<?xml version="1.0" encoding="UTF-8"?>
<!-- Generated by org.testng.reporters.JUnitReportReporter -->
<testsuite hostname="DESKTOP-7C4J88S" failures="0" tests="1" name="excel_File.ReadExcelData2" time="2.026" errors="0" timestamp="2025-06-06T13:10:59 IST" skipped="0">
  <testcase classname="excel_File.ReadExcelData2" name="data" time="2.026"/>
  <system-out/>
</testsuite> <!-- excel_File.ReadExcelData2 -->
