<?xml version="1.0" encoding="UTF-8"?>
<!-- Generated by org.testng.reporters.JUnitReportReporter -->
<testsuite hostname="DESKTOP-7C4J88S" failures="0" tests="1" name="fileDownloadUpLoad.fileDownloadInFirefoxDriver" time="38.261" errors="0" timestamp="2025-06-06T16:20:41 IST" skipped="0">
  <testcase classname="fileDownloadUpLoad.fileDownloadInFirefoxDriver" name="fileDownload" time="38.261"/>
  <system-out/>
</testsuite> <!-- fileDownloadUpLoad.fileDownloadInFirefoxDriver -->
