<?xml version="1.0" encoding="UTF-8"?>
<!-- Generated by org.testng.reporters.JUnitReportReporter -->
<testsuite hostname="DESKTOP-7C4J88S" failures="0" tests="1" name="extentreport.ExtentReportGen" time="0.337" errors="0" timestamp="2025-06-06T14:22:19 IST" skipped="0">
  <testcase classname="extentreport.ExtentReportGen" name="getExtentReport" time="0.337"/>
  <system-out/>
</testsuite> <!-- extentreport.ExtentReportGen -->
