<?xml version="1.0" encoding="UTF-8"?>
<!-- Generated by org.testng.reporters.JUnitReportReporter -->
<testsuite hostname="DESKTOP-7C4J88S" failures="0" tests="1" name="resizable.resizable" time="9.421" errors="0" timestamp="2025-06-07T13:44:54 IST" skipped="0">
  <testcase classname="resizable.resizable" name="resiz_The_Element" time="9.421"/>
  <system-out/>
</testsuite> <!-- resizable.resizable -->
