<?xml version="1.0" encoding="UTF-8"?>
<!-- Generated by org.testng.reporters.JUnitReportReporter -->
<testsuite hostname="DESKTOP-7C4J88S" failures="0" tests="1" name="fileDownloadUpLoad.fileUploadWhenUploadDialogcome" time="13.471" errors="0" timestamp="2025-06-06T16:48:29 IST" skipped="0">
  <testcase classname="fileDownloadUpLoad.fileUploadWhenUploadDialogcome" name="fileUpload" time="13.471"/>
  <system-out/>
</testsuite> <!-- fileDownloadUpLoad.fileUploadWhenUploadDialogcome -->
