<?xml version="1.0" encoding="UTF-8"?>
<!-- Generated by org.testng.reporters.JUnitReportReporter -->
<testsuite hostname="DESKTOP-7C4J88S" failures="0" tests="1" name="fileHandling.ReadDataFromCSVFile" time="0.041" errors="0" timestamp="2025-06-05T08:01:19 IST" skipped="0">
  <testcase classname="fileHandling.ReadDataFromCSVFile" name="readDataFromCSV_Textfile1" time="0.041"/>
  <system-out/>
</testsuite> <!-- fileHandling.ReadDataFromCSVFile -->
