<?xml version="1.0" encoding="UTF-8"?>
<!-- Generated by org.testng.reporters.JUnitReportReporter -->
<testsuite hostname="DESKTOP-7C4J88S" failures="0" tests="1" name="zoom_In_Zoom_Out.ZoomInByRobotClass" time="16.646" errors="0" timestamp="2025-06-07T14:07:19 IST" skipped="0">
  <testcase classname="zoom_In_Zoom_Out.ZoomInByRobotClass" name="zoomInByRobotClass" time="16.646"/>
  <system-out/>
</testsuite> <!-- zoom_In_Zoom_Out.ZoomInByRobotClass -->
