<?xml version="1.0" encoding="UTF-8"?>
<!-- Generated by org.testng.reporters.JUnitReportReporter -->
<testsuite hostname="DESKTOP-7C4J88S" failures="0" tests="1" name="headlessMode.EdgeDriver_HeadlessMode" time="81.359" errors="0" timestamp="2025-06-07T10:16:40 IST" skipped="0">
  <testcase classname="headlessMode.EdgeDriver_HeadlessMode" name="open_Edge_Browser_With_HeadlessMode" time="81.359"/>
  <system-out/>
</testsuite> <!-- headlessMode.EdgeDriver_HeadlessMode -->
