<?xml version="1.0" encoding="UTF-8"?>
<!-- Generated by org.testng.reporters.JUnitReportReporter -->
<testsuite hostname="DESKTOP-7C4J88S" failures="0" tests="1" name="fileDownloadUpLoad.fileDownloadInEdgeDriver" time="28.835" errors="0" timestamp="2025-06-06T16:17:46 IST" skipped="0">
  <testcase classname="fileDownloadUpLoad.fileDownloadInEdgeDriver" name="fileDownload" time="28.835"/>
  <system-out/>
</testsuite> <!-- fileDownloadUpLoad.fileDownloadInEdgeDriver -->
