<?xml version="1.0" encoding="UTF-8"?>
<!-- Generated by org.testng.reporters.JUnitReportReporter -->
<testsuite hostname="DESKTOP-7C4J88S" failures="0" tests="1" name="headlessMode.ChromeDriver_HeadlessMode" time="15.969" errors="0" timestamp="2025-06-07T10:15:03 IST" skipped="0">
  <testcase classname="headlessMode.ChromeDriver_HeadlessMode" name="open_Chrome_Browser_With_WebDriverManager" time="15.969"/>
  <system-out/>
</testsuite> <!-- headlessMode.ChromeDriver_HeadlessMode -->
