<?xml version="1.0" encoding="UTF-8"?>
<!-- Generated by org.testng.reporters.JUnitReportReporter -->
<testsuite hostname="DESKTOP-7C4J88S" failures="0" tests="1" name="accordian.HandleAccordians" time="29.681" errors="0" timestamp="2025-06-07T13:30:30 IST" skipped="0">
  <testcase classname="accordian.HandleAccordians" name="handle_accordian" time="29.681"/>
  <system-out/>
</testsuite> <!-- accordian.HandleAccordians -->
