<?xml version="1.0" encoding="UTF-8"?>
<!-- Generated by org.testng.reporters.JUnitReportReporter -->
<testsuite hostname="DESKTOP-7C4J88S" failures="0" tests="1" name="fileDownloadUpLoad.fileUpload" time="10.868" errors="0" timestamp="2025-06-06T16:29:12 IST" skipped="0">
  <testcase classname="fileDownloadUpLoad.fileUpload" name="fileUpload" time="10.868"/>
  <system-out/>
</testsuite> <!-- fileDownloadUpLoad.fileUpload -->
